<?xml version="1.0" encoding="UTF-8"?>
<!-- Generated by org.testng.reporters.JUnitXMLReporter -->
<testsuite ignored="0" hostname="PNQ1-LPD916N13" failures="0" tests="3" name="Default test" time="9.183" errors="0" timestamp="2022-09-09T15:58:05 IST">
  <testcase classname="com.mobile.modules.SelectModules" name="verifyMainSheet" time="0.006"/>
  <testcase classname="com.mobile.modules.SelectModules" name="verifyMainSheet" time="7.21"/>
  <testcase classname="com.mobile.modules.SelectModules" name="verifyMainSheet" time="1.308"/>
</testsuite> <!-- Default test -->
