<?xml version="1.0" encoding="UTF-8"?>
<!-- Generated by org.testng.reporters.JUnitXMLReporter -->
<testsuite hostname="PNQ1-LPD916N13" ignored="0" name="Test" tests="7" failures="0" timestamp="2023-02-28T19:59:47 IST" time="17.67" errors="0">
  <testcase name="verifyMainSheet" time="10.518" classname="com.mobile.modules.SelectModules"/>
  <testcase name="verifyMainSheet" time="1.039" classname="com.mobile.modules.SelectModules"/>
  <testcase name="verifyMainSheet" time="1.058" classname="com.mobile.modules.SelectModules"/>
  <testcase name="verifyMainSheet" time="0.829" classname="com.mobile.modules.SelectModules"/>
  <testcase name="verifyMainSheet" time="0.855" classname="com.mobile.modules.SelectModules"/>
  <testcase name="verifyMainSheet" time="0.918" classname="com.mobile.modules.SelectModules"/>
  <testcase name="verifyMainSheet" time="0.825" classname="com.mobile.modules.SelectModules"/>
</testsuite> <!-- Test -->
